<?xml version="1.0" encoding="UTF-8"?>
<!-- Generated by org.testng.reporters.JUnitReportReporter -->
<testsuite skipped="2" hostname="Jazz-PC" name="testCases.AddToCartTC01" tests="3" failures="0" timestamp="2022-01-09T09:54:18 IST" time="0.013" errors="1">
  <testcase name="openBrowser2" time="0.013" classname="testCases.AddToCartTC01">
    <error type="java.lang.Error" message="Unresolved compilation problem: 
	Syntax error on token &quot;,&quot;, Expression expected after this token
">
      <![CDATA[java.lang.Error: Unresolved compilation problem: 
Syntax error on token ",", Expression expected after this token

at com.config.DriverPathConfig.BrowserConfig(DriverPathConfig.java:13)
at testCases.AddToCartTC01.openBrowser2(AddToCartTC01.java:28)
at sun.reflect.NativeMethodAccessorImpl.invoke0(Native Method)
at sun.reflect.NativeMethodAccessorImpl.invoke(Unknown Source)
at sun.reflect.DelegatingMethodAccessorImpl.invoke(Unknown Source)
at java.lang.reflect.Method.invoke(Unknown Source)
at org.testng.internal.MethodInvocationHelper.invokeMethod(MethodInvocationHelper.java:133)
at org.testng.internal.MethodInvocationHelper.invokeMethodConsideringTimeout(MethodInvocationHelper.java:62)
at org.testng.internal.ConfigInvoker.invokeConfigurationMethod(ConfigInvoker.java:385)
at org.testng.internal.ConfigInvoker.invokeConfigurations(ConfigInvoker.java:321)
at org.testng.internal.TestMethodWorker.invokeBeforeClassMethods(TestMethodWorker.java:176)
at org.testng.internal.TestMethodWorker.run(TestMethodWorker.java:122)
at java.util.ArrayList.forEach(Unknown Source)
at org.testng.TestRunner.privateRun(TestRunner.java:794)
at org.testng.TestRunner.run(TestRunner.java:596)
at org.testng.SuiteRunner.runTest(SuiteRunner.java:377)
at org.testng.SuiteRunner.runSequentially(SuiteRunner.java:371)
at org.testng.SuiteRunner.privateRun(SuiteRunner.java:332)
at org.testng.SuiteRunner.run(SuiteRunner.java:276)
at org.testng.SuiteRunnerWorker.runSuite(SuiteRunnerWorker.java:53)
at org.testng.SuiteRunnerWorker.run(SuiteRunnerWorker.java:96)
at org.testng.TestNG.runSuitesSequentially(TestNG.java:1212)
at org.testng.TestNG.runSuitesLocally(TestNG.java:1134)
at org.testng.TestNG.runSuites(TestNG.java:1063)
at org.testng.TestNG.run(TestNG.java:1031)
at org.testng.remote.AbstractRemoteTestNG.run(AbstractRemoteTestNG.java:115)
at org.testng.remote.RemoteTestNG.initAndRun(RemoteTestNG.java:251)
at org.testng.remote.RemoteTestNG.main(RemoteTestNG.java:77)
]]>
    </error>
  </testcase> <!-- openBrowser2 -->
  <system-out/>
  <testcase name="loginmethod" time="0.000" classname="testCases.AddToCartTC01">
    <skipped/>
  </testcase> <!-- loginmethod -->
  <system-out/>
  <testcase name="SearchAndAddToCart" time="0.000" classname="testCases.AddToCartTC01">
    <skipped/>
  </testcase> <!-- SearchAndAddToCart -->
  <system-out/>
</testsuite> <!-- testCases.AddToCartTC01 -->
