<?xml version="1.0" encoding="UTF-8"?>
<!-- Generated by org.testng.reporters.JUnitReportReporter -->
<testsuite skipped="3" hostname="Jazz-PC" name="testCases.TC01" tests="10" failures="0" timestamp="2022-01-09T11:04:41 IST" time="33.481" errors="0">
  <testcase name="ReadPropertiesFile" time="1.068" classname="testCases.TC01"/>
  <system-out/>
  <testcase name="InvUnameInvPWD" time="3.562" classname="testCases.TC01"/>
  <system-out/>
  <testcase name="BlnkUnameBlnkPWD" time="3.414" classname="testCases.TC01"/>
  <system-out/>
  <testcase name="ValUnameBlnkPWD" time="3.451" classname="testCases.TC01"/>
  <system-out/>
  <testcase name="BlnkUnameValPWD" time="3.520" classname="testCases.TC01"/>
  <system-out/>
  <testcase name="BlnkUnameBlnkPWD2" time="3.591" classname="testCases.TC01"/>
  <system-out/>
  <testcase name="ValUnameValPWD2" time="14.875" classname="testCases.TC01"/>
  <system-out/>
  <testcase name="InvUnameValPWD" classname="testCases.TC01">
    <skipped/>
  </testcase> <!-- InvUnameValPWD -->
  <system-out/>
  <testcase name="ValUnameInvPWD" classname="testCases.TC01">
    <skipped/>
  </testcase> <!-- ValUnameInvPWD -->
  <system-out/>
  <testcase name="ValUnameValPWD" classname="testCases.TC01">
    <skipped/>
  </testcase> <!-- ValUnameValPWD -->
  <system-out/>
</testsuite> <!-- testCases.TC01 -->
