<?xml version="1.0" encoding="UTF-8"?>
<!-- Generated by org.testng.reporters.JUnitReportReporter -->
<testsuite skipped="0" hostname="Jazz-PC" name="testCases.ExcelPrint" tests="3" failures="0" timestamp="2022-03-07T20:46:40 IST" time="0.017" errors="0">
  <testcase name="reade" time="0.012" classname="testCases.ExcelPrint"/>
  <system-out/>
  <testcase name="reade" time="0.002" classname="testCases.ExcelPrint"/>
  <system-out/>
  <testcase name="reade" time="0.003" classname="testCases.ExcelPrint"/>
  <system-out/>
</testsuite> <!-- testCases.ExcelPrint -->
