<?xml version="1.0" encoding="UTF-8"?>
<!-- Generated by org.testng.reporters.JUnitReportReporter -->
<testsuite skipped="0" hostname="Jazz-PC" name="testCases.TC01" tests="3" failures="0" timestamp="2022-03-07T19:21:40 IST" time="45.866" errors="0">
  <testcase name="logintest01" time="19.334" classname="testCases.TC01"/>
  <system-out/>
  <testcase name="logintest01" time="13.337" classname="testCases.TC01"/>
  <system-out/>
  <testcase name="logintest01" time="13.195" classname="testCases.TC01"/>
  <system-out/>
</testsuite> <!-- testCases.TC01 -->
